<?xml version="1.0" encoding="UTF-8"?>
<!-- Generated by org.testng.reporters.JUnitXMLReporter -->
<testsuite hostname="LAPTOP-7VQ11PQH" ignored="4" name="Functionality" tests="5" failures="0" timestamp="2020-07-06T22:54:22 IST" time="0.06" errors="0">
  <testcase name="MSPLines" time="0.006" classname="WOSpractice.WIPS"/>
  <testcase name="RTCircuits" time="0.002" classname="WOSpractice.WIPS"/>
  <testcase name="AccesslineDisconnect" time="0.001" classname="WOSpractice.IPPS"/>
  <testcase name="AccesslineNewRequest" time="0.001" classname="WOSpractice.IPPS"/>
  <testcase name="TrunkOnly" time="0.002" classname="WOSpractice.WOS"/>
  <testcase name="LightGateNONchannelised" time="0.0" classname="WOSpractice.WIPS">
    <ignored/>
  </testcase> <!-- LightGateNONchannelised -->
  <testcase name="DS1Trunk" time="0.0" classname="WOSpractice.WOS">
    <ignored/>
  </testcase> <!-- DS1Trunk -->
  <testcase name="PremtoPrem" time="0.0" classname="WOSpractice.WOS">
    <ignored/>
  </testcase> <!-- PremtoPrem -->
  <testcase name="LightGatechannelised" time="0.0" classname="WOSpractice.WIPS">
    <ignored/>
  </testcase> <!-- LightGatechannelised -->
</testsuite> <!-- Functionality -->
