<?xml version="1.0" encoding="UTF-8"?>
<!-- Generated by org.testng.reporters.JUnitXMLReporter -->
<testsuite hostname="LAPTOP-7VQ11PQH" ignored="0" name="Test" tests="3" failures="0" timestamp="2020-07-06T18:35:47 IST" time="0.056" errors="0">
  <testcase name="demomethod" time="0.01" classname="practice.FirstProgram"/>
  <testcase name="demomethod2" time="0.001" classname="practice.FirstProgram"/>
  <testcase name="secondClassmethod1" time="0.001" classname="practice.SecondClass"/>
</testsuite> <!-- Test -->
