<?xml version="1.0" encoding="UTF-8"?>
<!-- Generated by org.testng.reporters.JUnitXMLReporter -->
<testsuite hostname="LAPTOP-7VQ11PQH" ignored="0" name="Twitter" tests="4" failures="1" timestamp="2020-07-09T19:02:20 IST" time="13.618" errors="0">
  <testcase name="demomethod" time="0.008" classname="practice.FirstProgram"/>
  <testcase name="demomethod" time="0.001" classname="practice.FirstProgram"/>
  <testcase name="demomethod2" time="13.557" classname="practice.FirstProgram"/>
  <testcase name="TestToFail" time="0.003" classname="practice.FirstProgram">
    <failure type="java.lang.AssertionError" message="expected [true] but found [false]">
      <![CDATA[java.lang.AssertionError: expected [true] but found [false]
at practice.FirstProgram.TestToFail(FirstProgram.java:43)
at java.util.ArrayList.forEach(Unknown Source)
at java.util.concurrent.FutureTask.run(Unknown Source)
at java.util.concurrent.ThreadPoolExecutor.runWorker(Unknown Source)
at java.util.concurrent.ThreadPoolExecutor$Worker.run(Unknown Source)
at java.lang.Thread.run(Unknown Source)
... Removed 22 stack frames]]>
    </failure>
  </testcase> <!-- TestToFail -->
</testsuite> <!-- Twitter -->
