<?xml version="1.0" encoding="UTF-8"?>
<!-- Generated by org.testng.reporters.JUnitXMLReporter -->
<testsuite hostname="LAPTOP-7VQ11PQH" ignored="0" name="Functionality" tests="13" failures="0" timestamp="2020-07-07T18:10:08 IST" time="8.856" errors="0">
  <testcase name="Groups" time="0.01" classname="WOSpractice.WIPS"/>
  <testcase name="LightGateNONchannelised" time="0.001" classname="WOSpractice.WIPS"/>
  <testcase name="LightGatechannelised" time="0.001" classname="WOSpractice.WIPS"/>
  <testcase name="MSPLines" time="0.001" classname="WOSpractice.WIPS"/>
  <testcase name="RTCircuits" time="0.002" classname="WOSpractice.WIPS"/>
  <testcase name="AccesslineDisconnect" time="0.001" classname="WOSpractice.IPPS"/>
  <testcase name="AccesslineNewRequest" time="0.001" classname="WOSpractice.IPPS"/>
  <testcase name="Groups" time="0.0" classname="WOSpractice.IPPS"/>
  <testcase name="DS1Trunk" time="0.001" classname="WOSpractice.WOS"/>
  <testcase name="Groups" time="0.001" classname="WOSpractice.WOS"/>
  <testcase name="PremtoPrem" time="0.001" classname="WOSpractice.WOS"/>
  <testcase name="TrunkOnly" time="0.001" classname="WOSpractice.WOS"/>
  <testcase name="URLcheck" time="8.762" classname="WOSpractice.WOS"/>
</testsuite> <!-- Functionality -->
